Cadence Genus(TM) Synthesis Solution.
Copyright 2022 Cadence Design Systems, Inc. All rights reserved worldwide.
Cadence and the Cadence logo are registered trademarks and Genus is a trademark
of Cadence Design Systems, Inc. in the United States and other countries.

[00:19:51.239489] Configured Lic search path (21.01-s002): 5280@10.3.0.68

Version: 21.14-s082_1, built Thu Jun 23 11:32:08 PDT 2022
Options: -files run.tcl 
Date:    Thu Feb 20 00:19:51 2025
Host:    APL25.kletech.ac.in (x86_64 w/Linux 4.18.0-425.3.1.el8.x86_64) (16cores*24cpus*1physical cpu*13th Gen Intel(R) Core(TM) i7-13700 30720KB) (15881900KB)
PID:     22448
OS:      Red Hat Enterprise Linux release 8.7 (Ootpa)


[00:19:52.104273] Periodic Lic check successful
[00:19:52.104273] Feature usage summary:
[00:19:52.104273] Genus_Synthesis
Checking out license: Genus_Synthesis


***********************************************************************************************************
***********************************************************************************************************



Loading tool scripts...
Finished loading tool scripts (4 seconds elapsed).

#@ Processing -files option
@genus 1> source run.tcl
#@ Begin verbose source ./run.tcl
@file(run.tcl) 2: set VERILOG s298_Mod
@file(run.tcl) 3: set TOP_MODULE s298
@file(run.tcl) 5: read_libs LIB/slow.lib

Threads Configured:3

  Message Summary for Library slow.lib:
  *************************************
  Missing a function attribute in the output pin definition. [LBR-518]: 1
  Missing library level attribute. [LBR-516]: 1
  *************************************
 
Info    : Created nominal operating condition. [LBR-412]
        : Operating condition '_nominal_' was created for the PVT values (1.000000, 0.900000, 125.000000) in library 'slow.lib'.
        : The nominal operating condition is represented, either by the nominal PVT values specified in the library source (via nom_process,nom_voltage and nom_temperature respectively), or by the default PVT values (1.0,1.0,1.0).
@file(run.tcl) 6: read_physical -lef LEF/gsclib090_translated.lef

  According to lef_library, there are total 9 routing layers [ V(4) / H(5) ]

  Library has 324 usable logic and 128 usable sequential lib-cells.
Warning : Physical cell not defined in library. [PHYS-279]
        : The physical (LEF) cell FILL1 cannot be found in library.
        : Ensure that the proper library files are available and have been imported.
Warning : Physical cell not defined in library. [PHYS-279]
        : The physical (LEF) cell FILL2 cannot be found in library.
Warning : Physical cell not defined in library. [PHYS-279]
        : The physical (LEF) cell FILL64 cannot be found in library.
Warning : Physical cell not defined in library. [PHYS-279]
        : The physical (LEF) cell FILL8 cannot be found in library.
Warning : Physical cell not defined in library. [PHYS-279]
        : The physical (LEF) cell FILL16 cannot be found in library.
Warning : Physical cell not defined in library. [PHYS-279]
        : The physical (LEF) cell ANTENNA cannot be found in library.
Warning : Physical cell not defined in library. [PHYS-279]
        : The physical (LEF) cell FILL4 cannot be found in library.
Warning : Physical cell not defined in library. [PHYS-279]
        : The physical (LEF) cell FILL32 cannot be found in library.
@file(run.tcl) 7: clear

Segmentation Fault accessing address fffffffffffffff8.

Fatal internal error, code 11 (Segmentation fault)

Dumping stack trace (tid:7fbb58f477c0/main thread).
